<?xml version="1.0" encoding="UTF-8"?>
<testng-results skipped="0" failed="0" ignored="0" total="2" passed="2">
  <reporter-output>
  </reporter-output>
  <suite name="Default suite" duration-ms="1911" started-at="2020-01-09T14:08:48 IST" finished-at="2020-01-09T14:08:50 IST">
    <groups>
    </groups>
    <test name="Default test" duration-ms="1911" started-at="2020-01-09T14:08:48 IST" finished-at="2020-01-09T14:08:50 IST">
      <class name="dataprovider.TestReadthadataxml">
        <test-method status="PASS" signature="test(java.lang.String, java.lang.String)[pri:0, instance:dataprovider.TestReadthadataxml@6c3708b3]" name="test" duration-ms="5" started-at="2020-01-09T14:08:50 IST" data-provider="createuser" finished-at="2020-01-09T14:08:50 IST">
          <params>
            <param index="0">
              <value>
                <![CDATA[roshan]]>
              </value>
            </param>
            <param index="1">
              <value>
                <![CDATA[113.0]]>
              </value>
            </param>
          </params>
          <reporter-output>
          </reporter-output>
        </test-method> <!-- test -->
        <test-method status="PASS" signature="test(java.lang.String, java.lang.String)[pri:0, instance:dataprovider.TestReadthadataxml@6c3708b3]" name="test" duration-ms="1" started-at="2020-01-09T14:08:50 IST" data-provider="createuser" finished-at="2020-01-09T14:08:50 IST">
          <params>
            <param index="0">
              <value>
                <![CDATA[sau]]>
              </value>
            </param>
            <param index="1">
              <value>
                <![CDATA[420.0]]>
              </value>
            </param>
          </params>
          <reporter-output>
          </reporter-output>
        </test-method> <!-- test -->
      </class> <!-- dataprovider.TestReadthadataxml -->
    </test> <!-- Default test -->
  </suite> <!-- Default suite -->
</testng-results>
